This is pdfTeX, Version 3.14159265-2.6-1.40.21 (MiKTeX 20.12) (preloaded format=pdflatex 2021.11.3)  8 NOV 2021 20:47
entering extended mode
**"./TABLE EXERCISE 6.tex"
("TABLE EXERCISE 6.tex"
LaTeX2e <2020-10-01> patch level 2
L3 programming layer <2020-12-07> xparse <2020-03-03>
("C:\Users\KAROL OKOEDE\AppData\Local\Programs\MiKTeX\tex/latex/base\article.cl
s"
Document Class: article 2020/04/10 v1.4m Standard LaTeX document class
("C:\Users\KAROL OKOEDE\AppData\Local\Programs\MiKTeX\tex/latex/base\size10.clo
"
File: size10.clo 2020/04/10 v1.4m Standard LaTeX file (size option)
)
\c@part=\count177
\c@section=\count178
\c@subsection=\count179
\c@subsubsection=\count180
\c@paragraph=\count181
\c@subparagraph=\count182
\c@figure=\count183
\c@table=\count184
\abovecaptionskip=\skip47
\belowcaptionskip=\skip48
\bibindent=\dimen138
)
("C:\Users\KAROL OKOEDE\AppData\Local\Programs\MiKTeX\tex/latex/xcolor\xcolor.s
ty"
Package: xcolor 2016/05/11 v2.12 LaTeX color extensions (UK)

("C:\Users\KAROL OKOEDE\AppData\Local\Programs\MiKTeX\tex/latex/graphics-cfg\co
lor.cfg"
File: color.cfg 2016/01/02 v1.6 sample color configuration
)
Package xcolor Info: Driver file: pdftex.def on input line 225.

("C:\Users\KAROL OKOEDE\AppData\Local\Programs\MiKTeX\tex/latex/graphics-def\pd
ftex.def"
File: pdftex.def 2020/10/05 v1.2a Graphics/color driver for pdftex
) ("C:\New folder\tex/latex/colortbl\colortbl.sty"
Package: colortbl 2020/01/04 v1.0e Color table columns (DPC)

("C:\Users\KAROL OKOEDE\AppData\Local\Programs\MiKTeX\tex/latex/tools\array.sty
"
Package: array 2019/08/31 v2.4l Tabular extension package (FMi)
\col@sep=\dimen139
\ar@mcellbox=\box47
\extrarowheight=\dimen140
\NC@list=\toks15
\extratabsurround=\skip49
\backup@length=\skip50
\ar@cellbox=\box48
)
\everycr=\toks16
\minrowclearance=\skip51
)
\rownum=\count185
Package xcolor Info: Model `cmy' substituted by `cmy0' on input line 1348.
Package xcolor Info: Model `hsb' substituted by `rgb' on input line 1352.
Package xcolor Info: Model `RGB' extended on input line 1364.
Package xcolor Info: Model `HTML' substituted by `rgb' on input line 1366.
Package xcolor Info: Model `Hsb' substituted by `hsb' on input line 1367.
Package xcolor Info: Model `tHsb' substituted by `hsb' on input line 1368.
Package xcolor Info: Model `HSB' substituted by `hsb' on input line 1369.
Package xcolor Info: Model `Gray' substituted by `gray' on input line 1370.
Package xcolor Info: Model `wave' substituted by `hsb' on input line 1371.
) ("C:\New folder\tex/latex/siunitx\siunitx.sty"
Package: siunitx 2021-11-03 v3.0.35 A comprehensive (SI) units package
\l__siunitx_angle_tmp_dim=\dimen141
\l__siunitx_angle_marker_box=\box49
\l__siunitx_angle_unit_box=\box50
\l__siunitx_compound_count_int=\count186
\l__siunitx_number_exponent_fixed_int=\count187
\l__siunitx_number_min_decimal_int=\count188
\l__siunitx_number_min_integer_int=\count189
\l__siunitx_number_round_precision_int=\count190
\l__siunitx_number_group_minimum_int=\count191

("C:\Users\KAROL OKOEDE\AppData\Local\Programs\MiKTeX\tex/latex/amsmath\amstext
.sty"
Package: amstext 2000/06/29 v2.01 AMS text

("C:\Users\KAROL OKOEDE\AppData\Local\Programs\MiKTeX\tex/latex/amsmath\amsgen.
sty"
File: amsgen.sty 1999/11/30 v2.0 generic functions
\@emptytoks=\toks17
\ex@=\dimen142
))
\l__siunitx_table_tmp_box=\box51
\l__siunitx_table_tmp_dim=\dimen143
\l__siunitx_table_column_width_dim=\dimen144
\l__siunitx_table_integer_box=\box52
\l__siunitx_table_decimal_box=\box53
\l__siunitx_table_before_box=\box54
\l__siunitx_table_after_box=\box55
\l__siunitx_table_before_dim=\dimen145
\l__siunitx_table_carry_dim=\dimen146
\l__siunitx_unit_tmp_int=\count192
\l__siunitx_unit_position_int=\count193
\l__siunitx_unit_total_int=\count194

("C:\Users\KAROL OKOEDE\AppData\Local\Programs\MiKTeX\tex/latex/l3packages/l3ke
ys2e\l3keys2e.sty"
("C:\Users\KAROL OKOEDE\AppData\Local\Programs\MiKTeX\tex/latex/l3kernel\expl3.
sty"
Package: expl3 2020-12-07 L3 programming layer (loader) 

("C:\Users\KAROL OKOEDE\AppData\Local\Programs\MiKTeX\tex/latex/l3backend\l3bac
kend-pdftex.def"
File: l3backend-pdftex.def 2020-09-24 L3 backend support: PDF output (pdfTeX)
\l__kernel_color_stack_int=\count195
\l__pdf_internal_box=\box56
))
Package: l3keys2e 2020-10-27 LaTeX2e option processing using LaTeX3 keys
)

LaTeX3 Info: Defining command \DeclareSIPower with sig. '+m+mm' on line 7299.


LaTeX3 Info: Defining command \DeclareSIPrefix with sig. '+mmm' on line 7303.


LaTeX3 Info: Defining command \DeclareSIQualifier with sig. '+mm' on line
(LaTeX3)     7307.


LaTeX3 Info: Defining command \DeclareSIUnit with sig. 'o+mm' on line 7313.


LaTeX3 Info: Defining command \qty with sig. 'O{}m>{\TrimSpaces }m' on line
(LaTeX3)     7333.


LaTeX3 Info: Defining command \ang with sig. 'O{}>{\SplitArgument {2}{;}}m' on
(LaTeX3)     line 7341.


LaTeX3 Info: Defining command \num with sig. 'O{}m' on line 7350.


LaTeX3 Info: Defining command \unit with sig. 'O{}>{\TrimSpaces }m' on line
(LaTeX3)     7371.


LaTeX3 Info: Defining command \qtylist with sig. 'O{}>{\SplitList
(LaTeX3)     {;}}m>{\TrimSpaces }m' on line 7381.


LaTeX3 Info: Defining command \numlist with sig. 'O{}>{\SplitList {;}}m' on
(LaTeX3)     line 7389.


LaTeX3 Info: Defining command \qtyproduct with sig. 'O{}>{\SplitList
(LaTeX3)     {x}}m>{\TrimSpaces }m' on line 7399.


LaTeX3 Info: Defining command \numproduct with sig. 'O{}>{\SplitList
(LaTeX3)     {x}}>{\TrimSpaces }m' on line 7408.


LaTeX3 Info: Defining command \qtyrange with sig. 'O{}mm>{\TrimSpaces }m' on
(LaTeX3)     line 7417.


LaTeX3 Info: Defining command \numrange with sig. 'O{}mm' on line 7425.


LaTeX3 Info: Defining command \complexnum with sig. 'O{}m' on line 7433.


LaTeX3 Info: Defining command \complexqty with sig. 'O{}mm' on line 7442.


LaTeX3 Info: Defining command \tablenum with sig. 'O{}m' on line 7452.


LaTeX3 Info: Defining command \sisetup with sig. 'm' on line 7454.


LaTeX3 Info: Defining command \qty (pdfstring context) with sig. 'omm' on line
(LaTeX3)     7524.


LaTeX3 Info: Defining command \ang (pdfstring context) with sig. 'm' on line
(LaTeX3)     7525.


LaTeX3 Info: Defining command \num (pdfstring context) with sig. 'om' on line
(LaTeX3)     7526.


LaTeX3 Info: Defining command \unit (pdfstring context) with sig. 'om' on line
(LaTeX3)     7527.


LaTeX3 Info: Defining command \numlist (pdfstring context) with sig. 'om' on
(LaTeX3)     line 7534.


LaTeX3 Info: Defining command \qtylist (pdfstring context) with sig. 'omm' on
(LaTeX3)     line 7541.


LaTeX3 Info: Defining command \numproduct (pdfstring context) with sig. 'om'
(LaTeX3)     on line 7542.


LaTeX3 Info: Defining command \qtyproduct (pdfstring context) with sig. 'omm'
(LaTeX3)     on line 7543.


LaTeX3 Info: Defining command \numrange (pdfstring context) with sig. 'omm' on
(LaTeX3)     line 7545.


LaTeX3 Info: Defining command \qtyrange (pdfstring context) with sig. 'ommm'
(LaTeX3)     on line 7547.


LaTeX3 Info: Defining command \si (pdfstring context) with sig. 'om' on line
(LaTeX3)     7548.


LaTeX3 Info: Defining command \SI (pdfstring context) with sig. 'omO{}m' on
(LaTeX3)     line 7549.


LaTeX3 Info: Defining command \SIlist (pdfstring context) with sig. 'omm' on
(LaTeX3)     line 7556.


LaTeX3 Info: Defining command \SIrange (pdfstring context) with sig. 'ommm' on
(LaTeX3)     line 7558.


LaTeX3 Info: Defining command \DeclareBinaryPrefix with sig. '+mmm' on line
(LaTeX3)     7657.


LaTeX3 Info: Defining command \DeclareSIPrePower with sig. '+mm' on line 7662.


LaTeX3 Info: Defining command \DeclareSIPostPower with sig. '+mm' on line
(LaTeX3)     7667.


LaTeX3 Info: Defining command \si with sig. 'O{}m' on line 7676.


LaTeX3 Info: Defining command \SI with sig. 'O{}mom' on line 7690.


LaTeX3 Info: Defining command \SIlist with sig. 'O{}>{\SplitList
(LaTeX3)     {;}}m>{\TrimSpaces }m' on line 7700.


LaTeX3 Info: Defining command \SIrange with sig. 'O{}mm>{\TrimSpaces }m' on
(LaTeX3)     line 7709.


LaTeX3 Info: Defining command \SendSettingsToPgf with sig. '' on line 7896.

) ("TABLE EXERCISE 6.aux")
\openout1 = `"TABLE EXERCISE 6.aux"'.

LaTeX Font Info:    Checking defaults for OML/cmm/m/it on input line 8.
LaTeX Font Info:    ... okay on input line 8.
LaTeX Font Info:    Checking defaults for OMS/cmsy/m/n on input line 8.
LaTeX Font Info:    ... okay on input line 8.
LaTeX Font Info:    Checking defaults for OT1/cmr/m/n on input line 8.
LaTeX Font Info:    ... okay on input line 8.
LaTeX Font Info:    Checking defaults for T1/cmr/m/n on input line 8.
LaTeX Font Info:    ... okay on input line 8.
LaTeX Font Info:    Checking defaults for TS1/cmr/m/n on input line 8.
LaTeX Font Info:    ... okay on input line 8.
LaTeX Font Info:    Checking defaults for OMX/cmex/m/n on input line 8.
LaTeX Font Info:    ... okay on input line 8.
LaTeX Font Info:    Checking defaults for U/cmr/m/n on input line 8.
LaTeX Font Info:    ... okay on input line 8.

("C:\Users\KAROL OKOEDE\AppData\Local\Programs\MiKTeX\tex/context/base/mkii\sup
p-pdf.mkii"
[Loading MPS to PDF converter (version 2006.09.02).]
\scratchcounter=\count196
\scratchdimen=\dimen147
\scratchbox=\box57
\nofMPsegments=\count197
\nofMParguments=\count198
\everyMPshowfont=\toks18
\MPscratchCnt=\count199
\MPscratchDim=\dimen148
\MPnumerator=\count266
\makeMPintoPDFobject=\count267
\everyMPtoPDFconversion=\toks19
)
LaTeX Font Info:    External font `cmex10' loaded for size
(Font)              <7> on input line 12.
LaTeX Font Info:    External font `cmex10' loaded for size
(Font)              <5> on input line 12.
 [1

{C:/Users/KAROL OKOEDE/AppData/Local/MiKTeX/pdftex/config/pdftex.map}]
("TABLE EXERCISE 6.aux") ) 
Here is how much of TeX's memory you used:
 3872 strings out of 479697
 94272 string characters out of 2863770
 348170 words of memory out of 3000000
 21006 multiletter control sequences out of 15000+200000
 403738 words of font info for 28 fonts, out of 3000000 for 9000
 1141 hyphenation exceptions out of 8191
 78i,12n,86p,232b,510s stack positions out of 5000i,500n,10000p,200000b,50000s
<C:/Users/KAROL OKOEDE/AppData/Local/Programs/MiKTeX/
fonts/type1/public/amsfonts/cm/cmbx10.pfb><C:/Users/KAROL OKOEDE/AppData/Local/
Programs/MiKTeX/fonts/type1/public/amsfonts/cm/cmmi10.pfb><C:/Users/KAROL OKOED
E/AppData/Local/Programs/MiKTeX/fonts/type1/public/amsfonts/cm/cmr10.pfb>
Output written on "TABLE EXERCISE 6.pdf" (1 page, 34348 bytes).
PDF statistics:
 18 PDF objects out of 1000 (max. 8388607)
 0 named destinations out of 1000 (max. 500000)
 1 words of extra memory for PDF output out of 10000 (max. 10000000)

